<?xml version="1.0" encoding="UTF-8"?>
<testng-results ignored="0" total="1" passed="1" failed="0" skipped="0">
  <reporter-output>
  </reporter-output>
  <suite started-at="2025-03-25T17:41:16 IST" name="Default suite" finished-at="2025-03-25T17:41:30 IST" duration-ms="14166">
    <groups>
    </groups>
    <test started-at="2025-03-25T17:41:16 IST" name="Default test" finished-at="2025-03-25T17:41:30 IST" duration-ms="14166">
      <class name="com.saucedemo.SauceDemoSortingTest">
        <test-method is-config="true" signature="setup()[pri:0, instance:com.saucedemo.SauceDemoSortingTest@7ee8290b]" started-at="2025-03-25T17:41:16 IST" name="setup" finished-at="2025-03-25T17:41:19 IST" duration-ms="3357" status="PASS">
          <reporter-output>
          </reporter-output>
        </test-method> <!-- setup -->
        <test-method signature="testSortByPriceLowToHigh()[pri:0, instance:com.saucedemo.SauceDemoSortingTest@7ee8290b]" started-at="2025-03-25T17:41:19 IST" name="testSortByPriceLowToHigh" finished-at="2025-03-25T17:41:29 IST" duration-ms="10323" status="PASS">
          <reporter-output>
          </reporter-output>
        </test-method> <!-- testSortByPriceLowToHigh -->
        <test-method is-config="true" signature="teardown()[pri:0, instance:com.saucedemo.SauceDemoSortingTest@7ee8290b]" started-at="2025-03-25T17:41:29 IST" name="teardown" finished-at="2025-03-25T17:41:30 IST" duration-ms="431" status="PASS">
          <reporter-output>
          </reporter-output>
        </test-method> <!-- teardown -->
      </class> <!-- com.saucedemo.SauceDemoSortingTest -->
    </test> <!-- Default test -->
  </suite> <!-- Default suite -->
</testng-results>
